{
  "stats": {
    "suites": 1,
    "tests": 19,
    "passes": 19,
    "pending": 0,
    "failures": 0,
    "start": "2026-03-16T13:55:25.344Z",
    "end": "2026-03-16T13:56:37.737Z",
    "duration": 72393,
    "testsRegistered": 19,
    "passPercent": 100,
    "pendingPercent": 0,
    "other": 0,
    "hasOther": false,
    "skipped": 0,
    "hasSkipped": false
  },
  "results": [
    {
      "uuid": "4f9c3171-f179-49bb-bdd6-46187382c042",
      "title": "",
      "fullFile": "cypress\\e2e\\contrato.cy.js",
      "file": "cypress\\e2e\\contrato.cy.js",
      "beforeHooks": [],
      "afterHooks": [],
      "tests": [],
      "suites": [
        {
          "uuid": "8aa42cd7-8d7e-4646-a5ad-56182a66fa11",
          "title": "Registro de contrato por DETRAN",
          "fullFile": "",
          "file": "",
          "beforeHooks": [],
          "afterHooks": [],
          "tests": [
            {
              "title": "Deve registrar contrato para DETRAN-AC",
              "fullTitle": "Registro de contrato por DETRAN Deve registrar contrato para DETRAN-AC",
              "timedOut": null,
              "duration": 13859,
              "state": "passed",
              "speed": "slow",
              "pass": true,
              "fail": false,
              "pending": false,
              "context": null,
              "code": "_loginActions.default.acessarSite();\ncy.fixture('loginData').then(dados => {\n  _loginActions.default.realizarLogin(dados.usuario, dados.senha);\n});\n_contratoActions.default.iniciarFluxoContrato(detran);",
              "err": {},
              "uuid": "fe9bf8d2-574e-4b4a-b3ee-71108617852e",
              "parentUUID": "8aa42cd7-8d7e-4646-a5ad-56182a66fa11",
              "isHook": false,
              "skipped": false
            },
            {
              "title": "Deve registrar contrato para DETRAN-AP",
              "fullTitle": "Registro de contrato por DETRAN Deve registrar contrato para DETRAN-AP",
              "timedOut": null,
              "duration": 3466,
              "state": "passed",
              "speed": "fast",
              "pass": true,
              "fail": false,
              "pending": false,
              "context": null,
              "code": "_loginActions.default.acessarSite();\ncy.fixture('loginData').then(dados => {\n  _loginActions.default.realizarLogin(dados.usuario, dados.senha);\n});\n_contratoActions.default.iniciarFluxoContrato(detran);",
              "err": {},
              "uuid": "3202a5ae-6f00-448e-83d5-bb8c4e5669de",
              "parentUUID": "8aa42cd7-8d7e-4646-a5ad-56182a66fa11",
              "isHook": false,
              "skipped": false
            },
            {
              "title": "Deve registrar contrato para DETRAN-BA",
              "fullTitle": "Registro de contrato por DETRAN Deve registrar contrato para DETRAN-BA",
              "timedOut": null,
              "duration": 3233,
              "state": "passed",
              "speed": "fast",
              "pass": true,
              "fail": false,
              "pending": false,
              "context": null,
              "code": "_loginActions.default.acessarSite();\ncy.fixture('loginData').then(dados => {\n  _loginActions.default.realizarLogin(dados.usuario, dados.senha);\n});\n_contratoActions.default.iniciarFluxoContrato(detran);",
              "err": {},
              "uuid": "5d2d8202-d121-4746-9db6-67ad11fbb6e0",
              "parentUUID": "8aa42cd7-8d7e-4646-a5ad-56182a66fa11",
              "isHook": false,
              "skipped": false
            },
            {
              "title": "Deve registrar contrato para DETRAN-DF",
              "fullTitle": "Registro de contrato por DETRAN Deve registrar contrato para DETRAN-DF",
              "timedOut": null,
              "duration": 3117,
              "state": "passed",
              "speed": "fast",
              "pass": true,
              "fail": false,
              "pending": false,
              "context": null,
              "code": "_loginActions.default.acessarSite();\ncy.fixture('loginData').then(dados => {\n  _loginActions.default.realizarLogin(dados.usuario, dados.senha);\n});\n_contratoActions.default.iniciarFluxoContrato(detran);",
              "err": {},
              "uuid": "81ffb32a-f00d-454a-bae5-e48df8ace633",
              "parentUUID": "8aa42cd7-8d7e-4646-a5ad-56182a66fa11",
              "isHook": false,
              "skipped": false
            },
            {
              "title": "Deve registrar contrato para DETRAN-ES",
              "fullTitle": "Registro de contrato por DETRAN Deve registrar contrato para DETRAN-ES",
              "timedOut": null,
              "duration": 3125,
              "state": "passed",
              "speed": "fast",
              "pass": true,
              "fail": false,
              "pending": false,
              "context": null,
              "code": "_loginActions.default.acessarSite();\ncy.fixture('loginData').then(dados => {\n  _loginActions.default.realizarLogin(dados.usuario, dados.senha);\n});\n_contratoActions.default.iniciarFluxoContrato(detran);",
              "err": {},
              "uuid": "f89568e3-8cbc-4a47-a605-9311f225fe14",
              "parentUUID": "8aa42cd7-8d7e-4646-a5ad-56182a66fa11",
              "isHook": false,
              "skipped": false
            },
            {
              "title": "Deve registrar contrato para DETRAN-MG",
              "fullTitle": "Registro de contrato por DETRAN Deve registrar contrato para DETRAN-MG",
              "timedOut": null,
              "duration": 3232,
              "state": "passed",
              "speed": "fast",
              "pass": true,
              "fail": false,
              "pending": false,
              "context": null,
              "code": "_loginActions.default.acessarSite();\ncy.fixture('loginData').then(dados => {\n  _loginActions.default.realizarLogin(dados.usuario, dados.senha);\n});\n_contratoActions.default.iniciarFluxoContrato(detran);",
              "err": {},
              "uuid": "ae4efca4-8eb4-47b7-bacc-c258f2bde8b6",
              "parentUUID": "8aa42cd7-8d7e-4646-a5ad-56182a66fa11",
              "isHook": false,
              "skipped": false
            },
            {
              "title": "Deve registrar contrato para DETRAN-MS",
              "fullTitle": "Registro de contrato por DETRAN Deve registrar contrato para DETRAN-MS",
              "timedOut": null,
              "duration": 3237,
              "state": "passed",
              "speed": "fast",
              "pass": true,
              "fail": false,
              "pending": false,
              "context": null,
              "code": "_loginActions.default.acessarSite();\ncy.fixture('loginData').then(dados => {\n  _loginActions.default.realizarLogin(dados.usuario, dados.senha);\n});\n_contratoActions.default.iniciarFluxoContrato(detran);",
              "err": {},
              "uuid": "719dff1e-9359-482d-b2c6-7b09167ba788",
              "parentUUID": "8aa42cd7-8d7e-4646-a5ad-56182a66fa11",
              "isHook": false,
              "skipped": false
            },
            {
              "title": "Deve registrar contrato para DETRAN-MT",
              "fullTitle": "Registro de contrato por DETRAN Deve registrar contrato para DETRAN-MT",
              "timedOut": null,
              "duration": 3221,
              "state": "passed",
              "speed": "fast",
              "pass": true,
              "fail": false,
              "pending": false,
              "context": null,
              "code": "_loginActions.default.acessarSite();\ncy.fixture('loginData').then(dados => {\n  _loginActions.default.realizarLogin(dados.usuario, dados.senha);\n});\n_contratoActions.default.iniciarFluxoContrato(detran);",
              "err": {},
              "uuid": "86d0a4ca-1e46-4391-ac5c-f86d791a7ff5",
              "parentUUID": "8aa42cd7-8d7e-4646-a5ad-56182a66fa11",
              "isHook": false,
              "skipped": false
            },
            {
              "title": "Deve registrar contrato para DETRAN-PB",
              "fullTitle": "Registro de contrato por DETRAN Deve registrar contrato para DETRAN-PB",
              "timedOut": null,
              "duration": 3207,
              "state": "passed",
              "speed": "fast",
              "pass": true,
              "fail": false,
              "pending": false,
              "context": null,
              "code": "_loginActions.default.acessarSite();\ncy.fixture('loginData').then(dados => {\n  _loginActions.default.realizarLogin(dados.usuario, dados.senha);\n});\n_contratoActions.default.iniciarFluxoContrato(detran);",
              "err": {},
              "uuid": "edc3fdfb-ef69-43f4-b42b-33d5696fbbb1",
              "parentUUID": "8aa42cd7-8d7e-4646-a5ad-56182a66fa11",
              "isHook": false,
              "skipped": false
            },
            {
              "title": "Deve registrar contrato para DETRAN-PE",
              "fullTitle": "Registro de contrato por DETRAN Deve registrar contrato para DETRAN-PE",
              "timedOut": null,
              "duration": 3226,
              "state": "passed",
              "speed": "fast",
              "pass": true,
              "fail": false,
              "pending": false,
              "context": null,
              "code": "_loginActions.default.acessarSite();\ncy.fixture('loginData').then(dados => {\n  _loginActions.default.realizarLogin(dados.usuario, dados.senha);\n});\n_contratoActions.default.iniciarFluxoContrato(detran);",
              "err": {},
              "uuid": "2cb022b7-41ea-40bf-9da4-2c6785693672",
              "parentUUID": "8aa42cd7-8d7e-4646-a5ad-56182a66fa11",
              "isHook": false,
              "skipped": false
            },
            {
              "title": "Deve registrar contrato para DETRAN-PR",
              "fullTitle": "Registro de contrato por DETRAN Deve registrar contrato para DETRAN-PR",
              "timedOut": null,
              "duration": 3196,
              "state": "passed",
              "speed": "fast",
              "pass": true,
              "fail": false,
              "pending": false,
              "context": null,
              "code": "_loginActions.default.acessarSite();\ncy.fixture('loginData').then(dados => {\n  _loginActions.default.realizarLogin(dados.usuario, dados.senha);\n});\n_contratoActions.default.iniciarFluxoContrato(detran);",
              "err": {},
              "uuid": "3a5d886f-5358-4f48-87e9-078358fb4cf1",
              "parentUUID": "8aa42cd7-8d7e-4646-a5ad-56182a66fa11",
              "isHook": false,
              "skipped": false
            },
            {
              "title": "Deve registrar contrato para DETRAN-RJ",
              "fullTitle": "Registro de contrato por DETRAN Deve registrar contrato para DETRAN-RJ",
              "timedOut": null,
              "duration": 3185,
              "state": "passed",
              "speed": "fast",
              "pass": true,
              "fail": false,
              "pending": false,
              "context": null,
              "code": "_loginActions.default.acessarSite();\ncy.fixture('loginData').then(dados => {\n  _loginActions.default.realizarLogin(dados.usuario, dados.senha);\n});\n_contratoActions.default.iniciarFluxoContrato(detran);",
              "err": {},
              "uuid": "9720686e-7fc9-4981-9f8a-703a15965a63",
              "parentUUID": "8aa42cd7-8d7e-4646-a5ad-56182a66fa11",
              "isHook": false,
              "skipped": false
            },
            {
              "title": "Deve registrar contrato para DETRAN-RN",
              "fullTitle": "Registro de contrato por DETRAN Deve registrar contrato para DETRAN-RN",
              "timedOut": null,
              "duration": 3302,
              "state": "passed",
              "speed": "fast",
              "pass": true,
              "fail": false,
              "pending": false,
              "context": null,
              "code": "_loginActions.default.acessarSite();\ncy.fixture('loginData').then(dados => {\n  _loginActions.default.realizarLogin(dados.usuario, dados.senha);\n});\n_contratoActions.default.iniciarFluxoContrato(detran);",
              "err": {},
              "uuid": "61c89906-db19-409c-8140-4d31755d1992",
              "parentUUID": "8aa42cd7-8d7e-4646-a5ad-56182a66fa11",
              "isHook": false,
              "skipped": false
            },
            {
              "title": "Deve registrar contrato para DETRAN-RR",
              "fullTitle": "Registro de contrato por DETRAN Deve registrar contrato para DETRAN-RR",
              "timedOut": null,
              "duration": 3248,
              "state": "passed",
              "speed": "fast",
              "pass": true,
              "fail": false,
              "pending": false,
              "context": null,
              "code": "_loginActions.default.acessarSite();\ncy.fixture('loginData').then(dados => {\n  _loginActions.default.realizarLogin(dados.usuario, dados.senha);\n});\n_contratoActions.default.iniciarFluxoContrato(detran);",
              "err": {},
              "uuid": "37f94184-798f-41ea-9fce-27da62682c3e",
              "parentUUID": "8aa42cd7-8d7e-4646-a5ad-56182a66fa11",
              "isHook": false,
              "skipped": false
            },
            {
              "title": "Deve registrar contrato para DETRAN-RS",
              "fullTitle": "Registro de contrato por DETRAN Deve registrar contrato para DETRAN-RS",
              "timedOut": null,
              "duration": 3251,
              "state": "passed",
              "speed": "fast",
              "pass": true,
              "fail": false,
              "pending": false,
              "context": null,
              "code": "_loginActions.default.acessarSite();\ncy.fixture('loginData').then(dados => {\n  _loginActions.default.realizarLogin(dados.usuario, dados.senha);\n});\n_contratoActions.default.iniciarFluxoContrato(detran);",
              "err": {},
              "uuid": "20ceaf8f-b7b2-4b09-8798-2d57052c387e",
              "parentUUID": "8aa42cd7-8d7e-4646-a5ad-56182a66fa11",
              "isHook": false,
              "skipped": false
            },
            {
              "title": "Deve registrar contrato para DETRAN-SC",
              "fullTitle": "Registro de contrato por DETRAN Deve registrar contrato para DETRAN-SC",
              "timedOut": null,
              "duration": 3212,
              "state": "passed",
              "speed": "fast",
              "pass": true,
              "fail": false,
              "pending": false,
              "context": null,
              "code": "_loginActions.default.acessarSite();\ncy.fixture('loginData').then(dados => {\n  _loginActions.default.realizarLogin(dados.usuario, dados.senha);\n});\n_contratoActions.default.iniciarFluxoContrato(detran);",
              "err": {},
              "uuid": "c20be37b-4e56-467b-8857-4e4f8d48ddb5",
              "parentUUID": "8aa42cd7-8d7e-4646-a5ad-56182a66fa11",
              "isHook": false,
              "skipped": false
            },
            {
              "title": "Deve registrar contrato para DETRAN-SE",
              "fullTitle": "Registro de contrato por DETRAN Deve registrar contrato para DETRAN-SE",
              "timedOut": null,
              "duration": 3187,
              "state": "passed",
              "speed": "fast",
              "pass": true,
              "fail": false,
              "pending": false,
              "context": null,
              "code": "_loginActions.default.acessarSite();\ncy.fixture('loginData').then(dados => {\n  _loginActions.default.realizarLogin(dados.usuario, dados.senha);\n});\n_contratoActions.default.iniciarFluxoContrato(detran);",
              "err": {},
              "uuid": "3613cb01-a34b-41cf-b998-078cdb018dcd",
              "parentUUID": "8aa42cd7-8d7e-4646-a5ad-56182a66fa11",
              "isHook": false,
              "skipped": false
            },
            {
              "title": "Deve registrar contrato para DETRAN-SP",
              "fullTitle": "Registro de contrato por DETRAN Deve registrar contrato para DETRAN-SP",
              "timedOut": null,
              "duration": 3211,
              "state": "passed",
              "speed": "fast",
              "pass": true,
              "fail": false,
              "pending": false,
              "context": null,
              "code": "_loginActions.default.acessarSite();\ncy.fixture('loginData').then(dados => {\n  _loginActions.default.realizarLogin(dados.usuario, dados.senha);\n});\n_contratoActions.default.iniciarFluxoContrato(detran);",
              "err": {},
              "uuid": "7fac4446-a179-4e34-ac5a-05b3e9e2414f",
              "parentUUID": "8aa42cd7-8d7e-4646-a5ad-56182a66fa11",
              "isHook": false,
              "skipped": false
            },
            {
              "title": "Deve registrar contrato para DETRAN-TO",
              "fullTitle": "Registro de contrato por DETRAN Deve registrar contrato para DETRAN-TO",
              "timedOut": null,
              "duration": 3233,
              "state": "passed",
              "speed": "fast",
              "pass": true,
              "fail": false,
              "pending": false,
              "context": null,
              "code": "_loginActions.default.acessarSite();\ncy.fixture('loginData').then(dados => {\n  _loginActions.default.realizarLogin(dados.usuario, dados.senha);\n});\n_contratoActions.default.iniciarFluxoContrato(detran);",
              "err": {},
              "uuid": "2d5f7552-9dba-4d79-aace-d015b3480cc6",
              "parentUUID": "8aa42cd7-8d7e-4646-a5ad-56182a66fa11",
              "isHook": false,
              "skipped": false
            }
          ],
          "suites": [],
          "passes": [
            "fe9bf8d2-574e-4b4a-b3ee-71108617852e",
            "3202a5ae-6f00-448e-83d5-bb8c4e5669de",
            "5d2d8202-d121-4746-9db6-67ad11fbb6e0",
            "81ffb32a-f00d-454a-bae5-e48df8ace633",
            "f89568e3-8cbc-4a47-a605-9311f225fe14",
            "ae4efca4-8eb4-47b7-bacc-c258f2bde8b6",
            "719dff1e-9359-482d-b2c6-7b09167ba788",
            "86d0a4ca-1e46-4391-ac5c-f86d791a7ff5",
            "edc3fdfb-ef69-43f4-b42b-33d5696fbbb1",
            "2cb022b7-41ea-40bf-9da4-2c6785693672",
            "3a5d886f-5358-4f48-87e9-078358fb4cf1",
            "9720686e-7fc9-4981-9f8a-703a15965a63",
            "61c89906-db19-409c-8140-4d31755d1992",
            "37f94184-798f-41ea-9fce-27da62682c3e",
            "20ceaf8f-b7b2-4b09-8798-2d57052c387e",
            "c20be37b-4e56-467b-8857-4e4f8d48ddb5",
            "3613cb01-a34b-41cf-b998-078cdb018dcd",
            "7fac4446-a179-4e34-ac5a-05b3e9e2414f",
            "2d5f7552-9dba-4d79-aace-d015b3480cc6"
          ],
          "failures": [],
          "pending": [],
          "skipped": [],
          "duration": 71948,
          "root": false,
          "rootEmpty": false,
          "_timeout": 2000
        }
      ],
      "passes": [],
      "failures": [],
      "pending": [],
      "skipped": [],
      "duration": 0,
      "root": true,
      "rootEmpty": true,
      "_timeout": 2000
    }
  ],
  "meta": {
    "mocha": {
      "version": "7.2.0"
    },
    "mochawesome": {
      "options": {
        "quiet": false,
        "reportFilename": "mochawesome",
        "saveHtml": true,
        "saveJson": true,
        "consoleReporter": "spec",
        "useInlineDiffs": false,
        "code": true
      },
      "version": "7.1.4"
    },
    "marge": {
      "options": {
        "reportDir": "cypress/reports",
        "overwrite": false,
        "html": true,
        "json": true
      },
      "version": "6.3.2"
    }
  }
}