{
  "stats": {
    "suites": 1,
    "tests": 19,
    "passes": 19,
    "pending": 0,
    "failures": 0,
    "start": "2026-03-16T13:59:42.332Z",
    "end": "2026-03-16T14:00:30.106Z",
    "duration": 47774,
    "testsRegistered": 19,
    "passPercent": 100,
    "pendingPercent": 0,
    "other": 0,
    "hasOther": false,
    "skipped": 0,
    "hasSkipped": false
  },
  "results": [
    {
      "uuid": "bd0a435f-ee42-421f-975f-81d52bdcf525",
      "title": "",
      "fullFile": "cypress\\e2e\\contrato.cy.js",
      "file": "cypress\\e2e\\contrato.cy.js",
      "beforeHooks": [],
      "afterHooks": [],
      "tests": [],
      "suites": [
        {
          "uuid": "c08d247f-af6d-4ee5-adab-fcc35420b03a",
          "title": "Registro de contrato por DETRAN",
          "fullFile": "",
          "file": "",
          "beforeHooks": [],
          "afterHooks": [],
          "tests": [
            {
              "title": "Registrar contrato para DETRAN-AC",
              "fullTitle": "Registro de contrato por DETRAN Registrar contrato para DETRAN-AC",
              "timedOut": null,
              "duration": 12916,
              "state": "passed",
              "speed": "slow",
              "pass": true,
              "fail": false,
              "pending": false,
              "context": null,
              "code": "cy.visit('/vbconnection/vbauto/home');\n_contratoActions.default.iniciarFluxoContrato(detran);",
              "err": {},
              "uuid": "45d21934-94b7-426e-add9-49b7886d2852",
              "parentUUID": "c08d247f-af6d-4ee5-adab-fcc35420b03a",
              "isHook": false,
              "skipped": false
            },
            {
              "title": "Registrar contrato para DETRAN-AP",
              "fullTitle": "Registro de contrato por DETRAN Registrar contrato para DETRAN-AP",
              "timedOut": null,
              "duration": 1911,
              "state": "passed",
              "speed": "fast",
              "pass": true,
              "fail": false,
              "pending": false,
              "context": null,
              "code": "cy.visit('/vbconnection/vbauto/home');\n_contratoActions.default.iniciarFluxoContrato(detran);",
              "err": {},
              "uuid": "66482b07-d198-49c3-b781-90ec7fda3c1f",
              "parentUUID": "c08d247f-af6d-4ee5-adab-fcc35420b03a",
              "isHook": false,
              "skipped": false
            },
            {
              "title": "Registrar contrato para DETRAN-BA",
              "fullTitle": "Registro de contrato por DETRAN Registrar contrato para DETRAN-BA",
              "timedOut": null,
              "duration": 1878,
              "state": "passed",
              "speed": "fast",
              "pass": true,
              "fail": false,
              "pending": false,
              "context": null,
              "code": "cy.visit('/vbconnection/vbauto/home');\n_contratoActions.default.iniciarFluxoContrato(detran);",
              "err": {},
              "uuid": "bf641e03-3e26-4333-b864-0bcf33be30fb",
              "parentUUID": "c08d247f-af6d-4ee5-adab-fcc35420b03a",
              "isHook": false,
              "skipped": false
            },
            {
              "title": "Registrar contrato para DETRAN-DF",
              "fullTitle": "Registro de contrato por DETRAN Registrar contrato para DETRAN-DF",
              "timedOut": null,
              "duration": 1869,
              "state": "passed",
              "speed": "fast",
              "pass": true,
              "fail": false,
              "pending": false,
              "context": null,
              "code": "cy.visit('/vbconnection/vbauto/home');\n_contratoActions.default.iniciarFluxoContrato(detran);",
              "err": {},
              "uuid": "ed71e3a0-935d-4664-b196-45748918639c",
              "parentUUID": "c08d247f-af6d-4ee5-adab-fcc35420b03a",
              "isHook": false,
              "skipped": false
            },
            {
              "title": "Registrar contrato para DETRAN-ES",
              "fullTitle": "Registro de contrato por DETRAN Registrar contrato para DETRAN-ES",
              "timedOut": null,
              "duration": 1909,
              "state": "passed",
              "speed": "fast",
              "pass": true,
              "fail": false,
              "pending": false,
              "context": null,
              "code": "cy.visit('/vbconnection/vbauto/home');\n_contratoActions.default.iniciarFluxoContrato(detran);",
              "err": {},
              "uuid": "8870d421-9aec-47df-8b9c-c3794ee50be1",
              "parentUUID": "c08d247f-af6d-4ee5-adab-fcc35420b03a",
              "isHook": false,
              "skipped": false
            },
            {
              "title": "Registrar contrato para DETRAN-MG",
              "fullTitle": "Registro de contrato por DETRAN Registrar contrato para DETRAN-MG",
              "timedOut": null,
              "duration": 1925,
              "state": "passed",
              "speed": "fast",
              "pass": true,
              "fail": false,
              "pending": false,
              "context": null,
              "code": "cy.visit('/vbconnection/vbauto/home');\n_contratoActions.default.iniciarFluxoContrato(detran);",
              "err": {},
              "uuid": "ebc8ad24-b217-4d97-b623-92d29e3d4e56",
              "parentUUID": "c08d247f-af6d-4ee5-adab-fcc35420b03a",
              "isHook": false,
              "skipped": false
            },
            {
              "title": "Registrar contrato para DETRAN-MS",
              "fullTitle": "Registro de contrato por DETRAN Registrar contrato para DETRAN-MS",
              "timedOut": null,
              "duration": 1910,
              "state": "passed",
              "speed": "fast",
              "pass": true,
              "fail": false,
              "pending": false,
              "context": null,
              "code": "cy.visit('/vbconnection/vbauto/home');\n_contratoActions.default.iniciarFluxoContrato(detran);",
              "err": {},
              "uuid": "f9c8f546-ece3-4571-b783-ac66404aeee9",
              "parentUUID": "c08d247f-af6d-4ee5-adab-fcc35420b03a",
              "isHook": false,
              "skipped": false
            },
            {
              "title": "Registrar contrato para DETRAN-MT",
              "fullTitle": "Registro de contrato por DETRAN Registrar contrato para DETRAN-MT",
              "timedOut": null,
              "duration": 1901,
              "state": "passed",
              "speed": "fast",
              "pass": true,
              "fail": false,
              "pending": false,
              "context": null,
              "code": "cy.visit('/vbconnection/vbauto/home');\n_contratoActions.default.iniciarFluxoContrato(detran);",
              "err": {},
              "uuid": "bfb11a8c-c6ce-4f80-ba03-2ffb11249d8e",
              "parentUUID": "c08d247f-af6d-4ee5-adab-fcc35420b03a",
              "isHook": false,
              "skipped": false
            },
            {
              "title": "Registrar contrato para DETRAN-PB",
              "fullTitle": "Registro de contrato por DETRAN Registrar contrato para DETRAN-PB",
              "timedOut": null,
              "duration": 1858,
              "state": "passed",
              "speed": "fast",
              "pass": true,
              "fail": false,
              "pending": false,
              "context": null,
              "code": "cy.visit('/vbconnection/vbauto/home');\n_contratoActions.default.iniciarFluxoContrato(detran);",
              "err": {},
              "uuid": "bd4eb279-f702-4c2b-9b81-268f6280058b",
              "parentUUID": "c08d247f-af6d-4ee5-adab-fcc35420b03a",
              "isHook": false,
              "skipped": false
            },
            {
              "title": "Registrar contrato para DETRAN-PE",
              "fullTitle": "Registro de contrato por DETRAN Registrar contrato para DETRAN-PE",
              "timedOut": null,
              "duration": 1905,
              "state": "passed",
              "speed": "fast",
              "pass": true,
              "fail": false,
              "pending": false,
              "context": null,
              "code": "cy.visit('/vbconnection/vbauto/home');\n_contratoActions.default.iniciarFluxoContrato(detran);",
              "err": {},
              "uuid": "3cbef703-819f-406c-ad5b-722beca9debd",
              "parentUUID": "c08d247f-af6d-4ee5-adab-fcc35420b03a",
              "isHook": false,
              "skipped": false
            },
            {
              "title": "Registrar contrato para DETRAN-PR",
              "fullTitle": "Registro de contrato por DETRAN Registrar contrato para DETRAN-PR",
              "timedOut": null,
              "duration": 1917,
              "state": "passed",
              "speed": "fast",
              "pass": true,
              "fail": false,
              "pending": false,
              "context": null,
              "code": "cy.visit('/vbconnection/vbauto/home');\n_contratoActions.default.iniciarFluxoContrato(detran);",
              "err": {},
              "uuid": "263a9a44-c62f-446c-b098-cc0d23581db0",
              "parentUUID": "c08d247f-af6d-4ee5-adab-fcc35420b03a",
              "isHook": false,
              "skipped": false
            },
            {
              "title": "Registrar contrato para DETRAN-RJ",
              "fullTitle": "Registro de contrato por DETRAN Registrar contrato para DETRAN-RJ",
              "timedOut": null,
              "duration": 1886,
              "state": "passed",
              "speed": "fast",
              "pass": true,
              "fail": false,
              "pending": false,
              "context": null,
              "code": "cy.visit('/vbconnection/vbauto/home');\n_contratoActions.default.iniciarFluxoContrato(detran);",
              "err": {},
              "uuid": "59388a01-2362-4b5c-a5ab-c6f4d4118c92",
              "parentUUID": "c08d247f-af6d-4ee5-adab-fcc35420b03a",
              "isHook": false,
              "skipped": false
            },
            {
              "title": "Registrar contrato para DETRAN-RN",
              "fullTitle": "Registro de contrato por DETRAN Registrar contrato para DETRAN-RN",
              "timedOut": null,
              "duration": 1934,
              "state": "passed",
              "speed": "fast",
              "pass": true,
              "fail": false,
              "pending": false,
              "context": null,
              "code": "cy.visit('/vbconnection/vbauto/home');\n_contratoActions.default.iniciarFluxoContrato(detran);",
              "err": {},
              "uuid": "02597267-47d7-4242-bbe0-62cafd069703",
              "parentUUID": "c08d247f-af6d-4ee5-adab-fcc35420b03a",
              "isHook": false,
              "skipped": false
            },
            {
              "title": "Registrar contrato para DETRAN-RR",
              "fullTitle": "Registro de contrato por DETRAN Registrar contrato para DETRAN-RR",
              "timedOut": null,
              "duration": 1933,
              "state": "passed",
              "speed": "fast",
              "pass": true,
              "fail": false,
              "pending": false,
              "context": null,
              "code": "cy.visit('/vbconnection/vbauto/home');\n_contratoActions.default.iniciarFluxoContrato(detran);",
              "err": {},
              "uuid": "0de3b13e-6394-4d85-9f68-9bf510afd79d",
              "parentUUID": "c08d247f-af6d-4ee5-adab-fcc35420b03a",
              "isHook": false,
              "skipped": false
            },
            {
              "title": "Registrar contrato para DETRAN-RS",
              "fullTitle": "Registro de contrato por DETRAN Registrar contrato para DETRAN-RS",
              "timedOut": null,
              "duration": 1905,
              "state": "passed",
              "speed": "fast",
              "pass": true,
              "fail": false,
              "pending": false,
              "context": null,
              "code": "cy.visit('/vbconnection/vbauto/home');\n_contratoActions.default.iniciarFluxoContrato(detran);",
              "err": {},
              "uuid": "b0a24737-e455-43dd-b52e-fc12ef66b8a8",
              "parentUUID": "c08d247f-af6d-4ee5-adab-fcc35420b03a",
              "isHook": false,
              "skipped": false
            },
            {
              "title": "Registrar contrato para DETRAN-SC",
              "fullTitle": "Registro de contrato por DETRAN Registrar contrato para DETRAN-SC",
              "timedOut": null,
              "duration": 1941,
              "state": "passed",
              "speed": "fast",
              "pass": true,
              "fail": false,
              "pending": false,
              "context": null,
              "code": "cy.visit('/vbconnection/vbauto/home');\n_contratoActions.default.iniciarFluxoContrato(detran);",
              "err": {},
              "uuid": "df206dc1-3fb2-4fa6-83ee-fd2da6a6a2c8",
              "parentUUID": "c08d247f-af6d-4ee5-adab-fcc35420b03a",
              "isHook": false,
              "skipped": false
            },
            {
              "title": "Registrar contrato para DETRAN-SE",
              "fullTitle": "Registro de contrato por DETRAN Registrar contrato para DETRAN-SE",
              "timedOut": null,
              "duration": 1896,
              "state": "passed",
              "speed": "fast",
              "pass": true,
              "fail": false,
              "pending": false,
              "context": null,
              "code": "cy.visit('/vbconnection/vbauto/home');\n_contratoActions.default.iniciarFluxoContrato(detran);",
              "err": {},
              "uuid": "13a0c3dd-5015-4b3c-b56b-f159ad845250",
              "parentUUID": "c08d247f-af6d-4ee5-adab-fcc35420b03a",
              "isHook": false,
              "skipped": false
            },
            {
              "title": "Registrar contrato para DETRAN-SP",
              "fullTitle": "Registro de contrato por DETRAN Registrar contrato para DETRAN-SP",
              "timedOut": null,
              "duration": 1950,
              "state": "passed",
              "speed": "fast",
              "pass": true,
              "fail": false,
              "pending": false,
              "context": null,
              "code": "cy.visit('/vbconnection/vbauto/home');\n_contratoActions.default.iniciarFluxoContrato(detran);",
              "err": {},
              "uuid": "b2800fb9-cb5e-4381-ae69-0c57ffc3da76",
              "parentUUID": "c08d247f-af6d-4ee5-adab-fcc35420b03a",
              "isHook": false,
              "skipped": false
            },
            {
              "title": "Registrar contrato para DETRAN-TO",
              "fullTitle": "Registro de contrato por DETRAN Registrar contrato para DETRAN-TO",
              "timedOut": null,
              "duration": 1959,
              "state": "passed",
              "speed": "fast",
              "pass": true,
              "fail": false,
              "pending": false,
              "context": null,
              "code": "cy.visit('/vbconnection/vbauto/home');\n_contratoActions.default.iniciarFluxoContrato(detran);",
              "err": {},
              "uuid": "55693c3b-3fb2-4685-89ca-f6b06fe187bd",
              "parentUUID": "c08d247f-af6d-4ee5-adab-fcc35420b03a",
              "isHook": false,
              "skipped": false
            }
          ],
          "suites": [],
          "passes": [
            "45d21934-94b7-426e-add9-49b7886d2852",
            "66482b07-d198-49c3-b781-90ec7fda3c1f",
            "bf641e03-3e26-4333-b864-0bcf33be30fb",
            "ed71e3a0-935d-4664-b196-45748918639c",
            "8870d421-9aec-47df-8b9c-c3794ee50be1",
            "ebc8ad24-b217-4d97-b623-92d29e3d4e56",
            "f9c8f546-ece3-4571-b783-ac66404aeee9",
            "bfb11a8c-c6ce-4f80-ba03-2ffb11249d8e",
            "bd4eb279-f702-4c2b-9b81-268f6280058b",
            "3cbef703-819f-406c-ad5b-722beca9debd",
            "263a9a44-c62f-446c-b098-cc0d23581db0",
            "59388a01-2362-4b5c-a5ab-c6f4d4118c92",
            "02597267-47d7-4242-bbe0-62cafd069703",
            "0de3b13e-6394-4d85-9f68-9bf510afd79d",
            "b0a24737-e455-43dd-b52e-fc12ef66b8a8",
            "df206dc1-3fb2-4fa6-83ee-fd2da6a6a2c8",
            "13a0c3dd-5015-4b3c-b56b-f159ad845250",
            "b2800fb9-cb5e-4381-ae69-0c57ffc3da76",
            "55693c3b-3fb2-4685-89ca-f6b06fe187bd"
          ],
          "failures": [],
          "pending": [],
          "skipped": [],
          "duration": 47303,
          "root": false,
          "rootEmpty": false,
          "_timeout": 2000
        }
      ],
      "passes": [],
      "failures": [],
      "pending": [],
      "skipped": [],
      "duration": 0,
      "root": true,
      "rootEmpty": true,
      "_timeout": 2000
    }
  ],
  "meta": {
    "mocha": {
      "version": "7.2.0"
    },
    "mochawesome": {
      "options": {
        "quiet": false,
        "reportFilename": "mochawesome",
        "saveHtml": true,
        "saveJson": true,
        "consoleReporter": "spec",
        "useInlineDiffs": false,
        "code": true
      },
      "version": "7.1.4"
    },
    "marge": {
      "options": {
        "reportDir": "cypress/reports",
        "overwrite": false,
        "html": true,
        "json": true
      },
      "version": "6.3.2"
    }
  }
}